                              1 ;--------------------------------------------------------
                              2 ; File Created by SDCC : free open source ANSI-C Compiler
                              3 ; Version 4.0.0 #11528 (Linux)
                              4 ;--------------------------------------------------------
                              5 	.module memory
                              6 	.optsdcc -mz80
                              7 	
                              8 ;--------------------------------------------------------
                              9 ; Public variables in this module
                             10 ;--------------------------------------------------------
                             11 	.globl _ksbrk
                             12 ;--------------------------------------------------------
                             13 ; special function registers
                             14 ;--------------------------------------------------------
                             15 ;--------------------------------------------------------
                             16 ; ram data
                             17 ;--------------------------------------------------------
                             18 	.area _DATA
   0000                      19 _ksbrk_memory_buffer_65536_5:
   0000                      20 	.ds 2
                             21 ;--------------------------------------------------------
                             22 ; ram data
                             23 ;--------------------------------------------------------
                             24 	.area _INITIALIZED
                             25 ;--------------------------------------------------------
                             26 ; absolute external ram data
                             27 ;--------------------------------------------------------
                             28 	.area _DABS (ABS)
                             29 ;--------------------------------------------------------
                             30 ; global & static initialisations
                             31 ;--------------------------------------------------------
                             32 	.area _HOME
                             33 	.area _GSINIT
                             34 	.area _GSFINAL
                             35 	.area _GSINIT
                             36 ;/mnt/c/Users/romai/Dev/AIROS/AIROS/z80/ti/src/memory.c:5: static char* memory_buffer = 0x8000;
   0000 21 00 80      [10]   37 	ld	hl, #0x8000
   0003 22r00r00      [16]   38 	ld	(_ksbrk_memory_buffer_65536_5), hl
                             39 ;--------------------------------------------------------
                             40 ; Home
                             41 ;--------------------------------------------------------
                             42 	.area _HOME
                             43 	.area _HOME
                             44 ;--------------------------------------------------------
                             45 ; code
                             46 ;--------------------------------------------------------
                             47 	.area _CODE
                             48 ;/mnt/c/Users/romai/Dev/AIROS/AIROS/z80/ti/src/memory.c:4: void*   ksbrk(int32_t size) {
                             49 ;	---------------------------------
                             50 ; Function ksbrk
                             51 ; ---------------------------------
   0000                      52 _ksbrk::
                             53 ;/mnt/c/Users/romai/Dev/AIROS/AIROS/z80/ti/src/memory.c:6: char* old_addr = memory_buffer;
   0000 ED 4Br00r00   [20]   54 	ld	bc, (_ksbrk_memory_buffer_65536_5)
                             55 ;/mnt/c/Users/romai/Dev/AIROS/AIROS/z80/ti/src/memory.c:7: memory_buffer += size;
   0004 21 02 00      [10]   56 	ld	hl, #2
   0007 39            [11]   57 	add	hl, sp
   0008 D5            [11]   58 	push	de
   0009 FD 21r00r00   [14]   59 	ld	iy, #_ksbrk_memory_buffer_65536_5
   000D FD E5         [15]   60 	push	iy
   000F D1            [10]   61 	pop	de
   0010 1A            [ 7]   62 	ld	a, (de)
   0011 86            [ 7]   63 	add	a, (hl)
   0012 12            [ 7]   64 	ld	(de), a
   0013 13            [ 6]   65 	inc	de
   0014 1A            [ 7]   66 	ld	a, (de)
   0015 23            [ 6]   67 	inc	hl
   0016 8E            [ 7]   68 	adc	a, (hl)
   0017 12            [ 7]   69 	ld	(de), a
   0018 D1            [10]   70 	pop	de
                             71 ;/mnt/c/Users/romai/Dev/AIROS/AIROS/z80/ti/src/memory.c:8: return old_addr;
   0019 69            [ 4]   72 	ld	l, c
   001A 60            [ 4]   73 	ld	h, b
                             74 ;/mnt/c/Users/romai/Dev/AIROS/AIROS/z80/ti/src/memory.c:9: }
   001B C9            [10]   75 	ret
                             76 	.area _CODE
                             77 	.area _INITIALIZER
                             78 	.area _CABS (ABS)
