The target system is: Generic -  - 
The host system is: Linux - 5.15.79.1-microsoft-standard-WSL2 - x86_64
Compiling the C compiler identification source file "CMakeCCompilerId.c" succeeded.
Compiler: /usr/bin/sdcc 
Build flags: 
Id flags:  

The output was:
0


Compilation of the C compiler identification source "CMakeCCompilerId.c" produced "CMakeCCompilerId.asm"

Compilation of the C compiler identification source "CMakeCCompilerId.c" produced "CMakeCCompilerId.ihx"

Compilation of the C compiler identification source "CMakeCCompilerId.c" produced "CMakeCCompilerId.lk"

Compilation of the C compiler identification source "CMakeCCompilerId.c" produced "CMakeCCompilerId.lst"

Compilation of the C compiler identification source "CMakeCCompilerId.c" produced "CMakeCCompilerId.map"

Compilation of the C compiler identification source "CMakeCCompilerId.c" produced "CMakeCCompilerId.mem"

Compilation of the C compiler identification source "CMakeCCompilerId.c" produced "CMakeCCompilerId.rel"

Compilation of the C compiler identification source "CMakeCCompilerId.c" produced "CMakeCCompilerId.rst"

Compilation of the C compiler identification source "CMakeCCompilerId.c" produced "CMakeCCompilerId.sym"

The C compiler identification is SDCC, found in "/mnt/c/Users/romai/Dev/AIROS/AIROS/build/CMakeFiles/3.22.1/CompilerIdC/CMakeCCompilerId.asm"

Detecting C compiler ABI info compiled with the following output:
Change Dir: /mnt/c/Users/romai/Dev/AIROS/AIROS/build/CMakeFiles/CMakeTmp

Run Build Command(s):/usr/bin/gmake -f Makefile cmTC_7273b/fast && gmake: Warning: File 'Makefile' has modification time 10545 s in the future
/usr/bin/gmake  -f CMakeFiles/cmTC_7273b.dir/build.make CMakeFiles/cmTC_7273b.dir/build
gmake[1]: Entering directory '/mnt/c/Users/romai/Dev/AIROS/AIROS/build/CMakeFiles/CMakeTmp'
gmake[1]: Warning: File 'CMakeFiles/cmTC_7273b.dir/flags.make' has modification time 10545 s in the future
Building C object CMakeFiles/cmTC_7273b.dir/CMakeCCompilerABI.c.rel
/usr/bin/sdcc    -o CMakeFiles/cmTC_7273b.dir/CMakeCCompilerABI.c.rel -c /usr/share/cmake-3.22/Modules/CMakeCCompilerABI.c
Linking C executable cmTC_7273b.ihx
/usr/bin/cmake -E cmake_link_script CMakeFiles/cmTC_7273b.dir/link.txt --verbose=1
/usr/bin/sdcc CMakeFiles/cmTC_7273b.dir/CMakeCCompilerABI.c.rel -o cmTC_7273b.ihx 
gmake[1]: warning:  Clock skew detected.  Your build may be incomplete.
gmake[1]: Leaving directory '/mnt/c/Users/romai/Dev/AIROS/AIROS/build/CMakeFiles/CMakeTmp'
gmake: warning:  Clock skew detected.  Your build may be incomplete.



